<?xml version="1.0" encoding="UTF-8"?>
<!-- Generated by org.testng.reporters.JUnitXMLReporter -->
<testsuite hostname="HariDarshana" ignored="0" name="Default test" tests="8" failures="0" timestamp="2022-12-15T10:52:12 CST" time="0.324" errors="0">
  <testcase name="apple1" time="0.028" classname="testNG.GroupingExample"/>
  <testcase name="apple2" time="0.008" classname="testNG.GroupingExample"/>
  <testcase name="lenovo1" time="0.003" classname="testNG.GroupingExample"/>
  <testcase name="lenovo2" time="0.016" classname="testNG.GroupingExample"/>
  <testcase name="moto1" time="0.021" classname="testNG.GroupingExample"/>
  <testcase name="moto2" time="0.01" classname="testNG.GroupingExample"/>
  <testcase name="vivo1" time="0.003" classname="testNG.GroupingExample"/>
  <testcase name="vivo2" time="0.006" classname="testNG.GroupingExample"/>
</testsuite> <!-- Default test -->
