<?xml version="1.0" encoding="UTF-8"?>
<!-- Generated by org.testng.reporters.JUnitXMLReporter -->
<testsuite hostname="HariDarshana" ignored="1" name="testNg practice" tests="18" failures="0" timestamp="2022-11-22T19:14:31 CST" time="0.292" errors="0">
  <testcase name="middleSchool" time="0.019" classname="testNG.DependenciesManagement"/>
  <testcase name="highSchool" time="0.002" classname="testNG.DependenciesManagement"/>
  <testcase name="engineerin" time="0.009" classname="testNG.DependenciesManagement"/>
  <testcase name="openChrome" time="0.003" classname="testNG.DriveACar"/>
  <testcase name="putFirstGear" time="0.006" classname="testNG.DriveACar"/>
  <testcase name="putSecondGear" time="0.008" classname="testNG.DriveACar"/>
  <testcase name="putThirdGear" time="0.003" classname="testNG.DriveACar"/>
  <testcase name="putFourthGear" time="0.012" classname="testNG.DriveACar"/>
  <testcase name="fifthTestCase" time="0.002" classname="testNG.SampleTestCase"/>
  <testcase name="firstTestCase" time="0.002" classname="testNG.SampleTestCase"/>
  <testcase name="fourthTestCase" time="0.007" classname="testNG.SampleTestCase"/>
  <testcase name="secondTestCase" time="0.004" classname="testNG.SampleTestCase"/>
  <testcase name="thirdTestCase" time="0.003" classname="testNG.SampleTestCase"/>
  <testcase name="startTheCar" time="0.005" classname="testNG.SkipTest"/>
  <testcase name="putFirstGear" time="0.004" classname="testNG.SkipTest"/>
  <testcase name="putSecondGear" time="0.002" classname="testNG.SkipTest"/>
  <testcase name="putThirdGear" time="0.005" classname="testNG.SkipTest"/>
  <testcase name="putFourthGear" time="0.004" classname="testNG.SkipTest"/>
  <testcase name="musicStart" time="0.0" classname="testNG.SkipTest">
    <ignored/>
  </testcase> <!-- musicStart -->
</testsuite> <!-- testNg practice -->
